2700
3612
4184
4759
4202
4910
4726
4410
4758
4386
4858
4290
4480
4382
3908
3698
4159
4142
4144
3600
3824
3794
4132
3739
3776
3153
3216
3623
3181
3519
3932
3923
3801
3752
4056
4462
4208
3991
3687
3556
3361
3145
3074
3076
2844
2784
2681
2744
2433
2615
2834
2662
2556
2554
2441
2203
2022
1948
1905
1921
1953
1702
1856
2077
1958
1559
1745
1554
1680
1621
1743
2642
2798
2538
2242
2443
2345
1978
2221
2012
1899
2444
2337
1829
1829
2552
2337
2292
2106
1587
1715
1921
1589
1819
2042
2270
2088
2225
2189
2296
1479
1314
1491
1853
1445
2083
2071
1766
1571
1892
1899
1746
1927
1716
2255
2281
2539
2508
2253
2408
2576
2197
2111
2135
1994
2169
1962
2053
2059
2209
2180
2242
2307
2437
2394
1903
1841
1739
1862
2080
2075
2222
2618
2484
2244
2324
2165
1844
1531
1545
1753
1779
1895
1895
1924
2033
1770
1748
1498
1541
1518
1427
1249
1146
1218
1218
1085
811
742
861
720
609
714
928
535
342
355
298
221
289
13
13
13
13
13
13
13
13
13
13
13
13
13
13
13
13
13
13
13
13
13
713
1889
2534
2264
1825
2490
2339
2501
2403
2621
2428
2424
1960
1604
1481
1975
1447
1513
1690
1894
1846
2097
2056
2175
2232
2504
2366
2253
2310
2466
2405
2406
2121
2121
2583
2469
2347
2408
2663
2432
2404
2390
2629
2067
2320
2429
2609
2415
2420
2336
2587
2199
2122
2265
1792
1647
433
433
433
3432
2104
1574
864
825
60
60
60
60
60
60
149
149
757
2427
3474
3920
4155
4493
4201
4101
3945
4007
3805
3839
3467
3623
3428
3162
3077
3106
3369
3405
3230
3253
3560
3762
3836
3881
3654
3461
3467
3758
3608
3447
3718
3819
3889
4156
4015
4139
4139
4120
4163
3976
3420
4091
3488
4100
4062
4096
3637
3235
4170
4525
4087
4170
4508
4621
4801
4062
3879
3641
3368
3723
4350
4299
3780
4252
4300
4251
4488
4627
4432
4828
4561
4452
4344
3917
3987
4326
4350
4597
4695
4669
4716
3774
3555
4125
4287
3945
3973
4183
4071
3671
3779
3627
3415
3931
3814
3557
3454
3463
3430
3410
3735
4138
4315
3800
3730
2707
1841
1254
1273
1150
400
400
400
795
695
662
623
631
311
296
380
240
723
663
838
655
616
927
335
1041
1979
2749
3160
3309
3259
3245
3107
3007
2830
2778
2540
3026
3433
3430
3263
2943
2756
3193
2937
2570
2259
2016
1781
1629
1420
1486
1722
1722
1919
2501
2218
2821
3844
3173
2756
2539
2827
2133
2256
2262
2154
2098
2589
2732
2521
3217
3541
2542
2099
2331
76
76
76
76
76
66
66
66
658
2294
3480
3951
3700
3439
3879
3910
4101
3827
4117
4160
4116
3931
3864
3864
3875
3919
3742
3662
3738
3923
3851
3950
3904
3802
3935
4051
4152
4065
3968
3983
3830
3963
4042
4046
4116
3912
4008
4066
4040
3949
3254
3254
3715
2715
2899
2814
2140
2312
2188
1959
2058
2481
2927
3379
2491
1805
1584
1537
1494
1653
1638
1566
1712
1960
2290
2219
2583
2542
2625
2681
2866
3090
3238
2753
2337
2373
2693
2739
2818
2889
2769
2498
2554
2387
2357
2599
3204
2568
2568
1920
1859
2342
2080
1436
1217
1537
1184
1200
1242
674
439
647
923
793
622
1037
1354
1387
1013
591
380
463
197
234
374
480
518
491
584
430
585
885
874
498
896
617
482
435
361
357
357
271
308
184
184
146
146
614
1189
1806
2314
2338
2215
1938
1862
1551
1691
1339
1773
1511
1606
1997
2483
2147
2112
2390
2821
2468
2569
2172
2724
2365
2074
2098
1953
2452
2138
1795
1908
1762
1162
582
592
1358
2149
2128
2334
1552
1710
1622
1840
1673
1746
1463
1470
1305
1409
1285
1323
1344
1071
1045
743
661
804
1300
1642
1528
1374
2226
2154
1964
1462
1691
1789
1653
1867
1770
2172
2127
2203
1929
1661
1925
2329
2168
2243
2379
2341
2044
2287
2306
2115
2143
2009
1779
1779
2221
2228
1189
1238
2418
1948
2040
2492
2724
2572
2341
2592
2313
1920
2263
2512
2250
2223
2599
2249
1867
1906
1851
2086
2228
2239
2024
2306
2389
2373
2611
3011
2784
2420
2352
2309
2465
2695
2903
3096
2797
2702
2568
2007
2150
2628
2808
3286
3520
3559
3791
3636
2735
2720
3306
2997
2259
1968
1682
1838
2318
2897
3583
3322
2745
2712
1829
2129
2013
1885
2028
1957
2108
2051
1926
1975
1852
1962
2093
2172
2444
2509
2329
2581
2653
2687
2944
2987
2984
3219
3037
2652
2473
2462
2372
1979
2233
2360
2330
2831
3187
3831
3781
4100
3902
4351
4638
4294
4294
4947
4531
4809
4344
4098
4590
4239
3813
3400
3481
3013
2731
2660
2568
3523
3931
3549
3109
3724
4079
4132
3833
3623
4022
4629
4575
4170
4155
4835
4579
5161
4621
4852
4689
5291
4712
4901
5075
5131
5551
5030
4839
4467
4155
3827
4043
4307
4412
4415
4628
3715
4637
4348
4811
4845
4911
4768
5055
4973
5140
4904
5165
4752
4910
4588
4740
4751
4709
4773
4805
4984
5038
4991
5071
4509
3648
3077
3947
4594
4515
4735
4381
4059
4224
4143
4253
3953
4002
3536
3239
3141
3037
3006
2617
2716
2802
2773
2723
2760
2757
2890
3022
3001
3614
3319
2776
2863
3405
3755
3542
3538
3488
3158
3158
2052
1812
2979
4154
3403
3343
3825
3601
3950
3957
3830
3699
3723
3622
3902
3649
3528
4318
4608
4078
3778
3719
2369
3660
4524
3897
3708
3664
3479
3415
3490
3548
3141
2639
2847
3168
4194
4537
3721
3135
3063
3011
3431
3136
2694
3099
2810
2955
3040
3389
3595
3706
3347
3110
2761
2684
3203
2980
2993
3242
3840
3456
2832
2944
2520
2736
3282
3322
3125
3555
3246
3463
3528
3362
3306
2943
2822
3035
3523
3283
2905
2592
2516
2750
2912
2799
2929
3079
2940
3265
3428
3247
2291
1939
1946
2421
2822
3045
3223
3347
3288
3083
3123
3156
2999
3107
3046
2878
2998
3290
3465
3789
3685
3359
3008
2981
3015
2826
2505
2582
2500
2481
2434
2547
2750
2750
2242
2299
2620
2225
2694
3418
2996
2728
2975
2712
3043
3020
2997
3863
4787
3475
4022
3879
3844
3372
3577
3324
2867
3005
4337
3417
3272
3146
3535
3334
3095
2953
2796
3066
3041
2835
2910
1595
1060
1452
1388
1507
1939
2163
2270
2443
2725
3208
2619
3104
3404
3724
3347
3366
2971
3015
3058
3492
3288
3586
4033
4123
3820
4005
4302
4545
4319
4333
4434
4454
3680
3801
3916
4195
3805
3585
4247
4161
4286
4327
3905
3905
2990
3543
3102
3099
3046
2783
3472
3436
3472
3218
3110
3230
3904
3592
3473
4344
4231
4486
4053
3267
2306
2701
2788
3045
2522
2339
2947
2922
2435
2223
1801
2286
2472
2115
1955
1867
2123
2225
2203
1936
2444
2309
2270
2081
1963
1952
1928
1609
1642
1636
1596
1630
1277
1381
1196
1143
1090
1177
1103
1137
961
909
1091
1204
1300
1240
939
738
622
438
563
676
854
1130
1262
1352
1352
1553
1744
1583
1900
1842
1737
1531
1546
1023
863
671
1089
1146
1112
534
559
850
1211
1301
1558
1431
1743
1802
1555
1283
1715
1336
971
754
1060
1514
1699
1298
579
579
579
1924
2701
2243
2151
2854
2834
2904
2871
2674
2903
2463
2079
1211
1414
1166
1448
1285
1293
846
695
421
410
488
399
347
532
1225
1562
1710
1890
1737
2394
2341
1950
997
702
1254
2459
2230
1740
1804
747
1106
1961
2253
1475
1328
1436
1601
1579
1647
1693
1770
1770
1264
1734
1744
2092
1777
1935
1427
2092
2198
2351
2212
2288
2009
1948
2305
1791
2130
1380
1661
1591
1709
1726
1922
1945
1617
1978
1953
2246
1903
1469
959
366
1218
1578
1710
1494
1563
1617
1809
1691
1810
1795
1601
1448
1525
1342
1526
1375
1356
1051
1316
1731
1423
1690
2466
2441
2063
2024
1970
2004
2308
2146
2250
2250
2184
2235
2625
2920
2183
2210
1676
1421
1386
2030
1782
